{
  "stats": {
    "suites": 1,
    "tests": 1,
    "passes": 0,
    "pending": 0,
    "failures": 1,
    "start": "2024-11-12T04:31:59.313Z",
    "end": "2024-11-12T04:32:05.785Z",
    "duration": 6472,
    "testsRegistered": 3,
    "passPercent": 0,
    "pendingPercent": 0,
    "other": 0,
    "hasOther": false,
    "skipped": 2,
    "hasSkipped": true
  },
  "results": [
    {
      "uuid": "b0cbfaaa-697e-497e-9ff2-969d3fc256d7",
      "title": "",
      "fullFile": "cypress\\tests\\components\\HomePageCategoryTest.js",
      "file": "cypress\\tests\\components\\HomePageCategoryTest.js",
      "beforeHooks": [],
      "afterHooks": [],
      "tests": [],
      "suites": [
        {
          "uuid": "4554999e-98b1-43fd-859d-e4516a8540b3",
          "title": "HomePage category Test",
          "fullFile": "",
          "file": "",
          "beforeHooks": [],
          "afterHooks": [],
          "tests": [
            {
              "title": "should be able to filter phone products",
              "fullTitle": "HomePage category Test should be able to filter phone products",
              "timedOut": null,
              "duration": 6408,
              "state": "failed",
              "speed": null,
              "pass": false,
              "fail": true,
              "pending": false,
              "context": null,
              "code": "verifyCategoryFilterBy(product);",
              "err": {
                "message": "CypressError: Timed out retrying after 5000ms: `cy.wait()` timed out waiting `5000ms` for the 1st request to the route: `entries`. No request ever occurred.\n\nhttps://on.cypress.io/wait\n\nBecause this error occurred during a `before each` hook we are skipping the remaining tests in the current suite: `HomePage category Test`",
                "estack": "CypressError: Timed out retrying after 5000ms: `cy.wait()` timed out waiting `5000ms` for the 1st request to the route: `entries`. No request ever occurred.\n\nhttps://on.cypress.io/wait\n\nBecause this error occurred during a `before each` hook we are skipping the remaining tests in the current suite: `HomePage category Test`\n    at cypressErr (https://www.demoblaze.com/__cypress/runner/cypress_runner.js:75898:18)\n    at Object.errByPath (https://www.demoblaze.com/__cypress/runner/cypress_runner.js:75952:10)\n    at checkForXhr (https://www.demoblaze.com/__cypress/runner/cypress_runner.js:135185:84)\n    at <unknown> (https://www.demoblaze.com/__cypress/runner/cypress_runner.js:135211:28)\n    at tryCatcher (https://www.demoblaze.com/__cypress/runner/cypress_runner.js:1807:23)\n    at Promise.attempt.Promise.try (https://www.demoblaze.com/__cypress/runner/cypress_runner.js:4315:29)\n    at whenStable (https://www.demoblaze.com/__cypress/runner/cypress_runner.js:143587:68)\n    at <unknown> (https://www.demoblaze.com/__cypress/runner/cypress_runner.js:143528:14)\n    at tryCatcher (https://www.demoblaze.com/__cypress/runner/cypress_runner.js:1807:23)\n    at Promise._settlePromiseFromHandler (https://www.demoblaze.com/__cypress/runner/cypress_runner.js:1519:31)\n    at Promise._settlePromise (https://www.demoblaze.com/__cypress/runner/cypress_runner.js:1576:18)\n    at Promise._settlePromise0 (https://www.demoblaze.com/__cypress/runner/cypress_runner.js:1621:10)\n    at Promise._settlePromises (https://www.demoblaze.com/__cypress/runner/cypress_runner.js:1701:18)\n    at Promise._fulfill (https://www.demoblaze.com/__cypress/runner/cypress_runner.js:1645:18)\n    at <unknown> (https://www.demoblaze.com/__cypress/runner/cypress_runner.js:5450:46)\nFrom Your Spec Code:\n    at HomePageAPI._waitForEntriesRequest (webpack://project-cypress-youtube/./cypress/support/HomePageAPI.js:11:11)\n    at HomePageAPI.waitForHomePageLoaded (webpack://project-cypress-youtube/./cypress/support/HomePageAPI.js:7:13)\n    at Context.eval (webpack://project-cypress-youtube/./cypress/tests/components/HomePageCategoryTest.js:6:21)",
                "diff": null
              },
              "uuid": "0a74de6d-5858-48be-8451-adf751ff403e",
              "parentUUID": "4554999e-98b1-43fd-859d-e4516a8540b3",
              "isHook": false,
              "skipped": false
            },
            {
              "title": "should be able to filter notebook products",
              "fullTitle": "HomePage category Test should be able to filter notebook products",
              "timedOut": null,
              "duration": 0,
              "state": "skipped",
              "speed": null,
              "pass": false,
              "fail": false,
              "pending": false,
              "context": null,
              "code": "verifyCategoryFilterBy(product);",
              "err": {},
              "uuid": "71af5492-7249-46aa-bd13-4de5a88a3941",
              "parentUUID": "4554999e-98b1-43fd-859d-e4516a8540b3",
              "isHook": false,
              "skipped": true
            },
            {
              "title": "should be able to filter monitor products",
              "fullTitle": "HomePage category Test should be able to filter monitor products",
              "timedOut": null,
              "duration": 0,
              "state": "skipped",
              "speed": null,
              "pass": false,
              "fail": false,
              "pending": false,
              "context": null,
              "code": "verifyCategoryFilterBy(product);",
              "err": {},
              "uuid": "327c08b8-d909-486c-a504-884d413ef2a9",
              "parentUUID": "4554999e-98b1-43fd-859d-e4516a8540b3",
              "isHook": false,
              "skipped": true
            }
          ],
          "suites": [],
          "passes": [],
          "failures": [
            "0a74de6d-5858-48be-8451-adf751ff403e"
          ],
          "pending": [],
          "skipped": [
            "71af5492-7249-46aa-bd13-4de5a88a3941",
            "327c08b8-d909-486c-a504-884d413ef2a9"
          ],
          "duration": 6408,
          "root": false,
          "rootEmpty": false,
          "_timeout": 2000
        }
      ],
      "passes": [],
      "failures": [],
      "pending": [],
      "skipped": [],
      "duration": 0,
      "root": true,
      "rootEmpty": true,
      "_timeout": 2000
    }
  ],
  "meta": {
    "mocha": {
      "version": "7.0.1"
    },
    "mochawesome": {
      "options": {
        "quiet": false,
        "reportFilename": "mochawesome",
        "saveHtml": false,
        "saveJson": true,
        "consoleReporter": "spec",
        "useInlineDiffs": false,
        "code": true
      },
      "version": "7.1.3"
    },
    "marge": {
      "options": {
        "reportDir": "results",
        "overwrite": false,
        "html": false,
        "json": true
      },
      "version": "6.2.0"
    }
  }
}