{
  "stats": {
    "suites": 1,
    "tests": 2,
    "passes": 2,
    "pending": 0,
    "failures": 0,
    "start": "2024-11-12T04:31:56.144Z",
    "end": "2024-11-12T04:31:57.915Z",
    "duration": 1771,
    "testsRegistered": 2,
    "passPercent": 100,
    "pendingPercent": 0,
    "other": 0,
    "hasOther": false,
    "skipped": 0,
    "hasSkipped": false
  },
  "results": [
    {
      "uuid": "f4e466f0-1a04-43a2-9839-1037618a80b2",
      "title": "",
      "fullFile": "cypress\\tests\\components\\HeaderTest.js",
      "file": "cypress\\tests\\components\\HeaderTest.js",
      "beforeHooks": [],
      "afterHooks": [],
      "tests": [],
      "suites": [
        {
          "uuid": "fbb4a67a-9c8a-49f5-a4c6-691811bb9335",
          "title": "Header Component Test",
          "fullFile": "",
          "file": "",
          "beforeHooks": [],
          "afterHooks": [],
          "tests": [
            {
              "title": "Test for branch logo",
              "fullTitle": "Header Component Test Test for branch logo",
              "timedOut": null,
              "duration": 1205,
              "state": "passed",
              "speed": "fast",
              "pass": true,
              "fail": false,
              "pending": false,
              "context": null,
              "code": "headerComp.brandLogoImg().should('be.visible');\nheaderComp.brandLogo().should('contain.text', BRAND_TEX);",
              "err": {},
              "uuid": "0820fee9-512f-450c-b1d2-ff86aa2ed9af",
              "parentUUID": "fbb4a67a-9c8a-49f5-a4c6-691811bb9335",
              "isHook": false,
              "skipped": false
            },
            {
              "title": "Test for header menu",
              "fullTitle": "Header Component Test Test for header menu",
              "timedOut": null,
              "duration": 514,
              "state": "passed",
              "speed": "fast",
              "pass": true,
              "fail": false,
              "pending": false,
              "context": null,
              "code": "//Test nay dang chua tim thay phan tu k hieu kieu gi nua\n// cy.visit('/');\nlet expectedMenuDetails = [];\n//cy.log(JSON.stringify(menuDetailData))\ncy.fixture('menuDetails').then(data => {\n  expectedMenuDetails = data;\n});\nheaderComp.getMenuDetails().then(actualMenuDetail => {\n  cy.wrap('').then(() => {\n    expect(actualMenuDetail).to.be.deep.eq(expectedMenuDetails);\n    cy.log(JSON.stringify(actualMenuDetail));\n    cy.log(JSON.stringify(expectedMenuDetails));\n  });\n});",
              "err": {},
              "uuid": "bbf111fa-03e9-4b54-ada8-a700c1ded71b",
              "parentUUID": "fbb4a67a-9c8a-49f5-a4c6-691811bb9335",
              "isHook": false,
              "skipped": false
            }
          ],
          "suites": [],
          "passes": [
            "0820fee9-512f-450c-b1d2-ff86aa2ed9af",
            "bbf111fa-03e9-4b54-ada8-a700c1ded71b"
          ],
          "failures": [],
          "pending": [],
          "skipped": [],
          "duration": 1719,
          "root": false,
          "rootEmpty": false,
          "_timeout": 2000
        }
      ],
      "passes": [],
      "failures": [],
      "pending": [],
      "skipped": [],
      "duration": 0,
      "root": true,
      "rootEmpty": true,
      "_timeout": 2000
    }
  ],
  "meta": {
    "mocha": {
      "version": "7.0.1"
    },
    "mochawesome": {
      "options": {
        "quiet": false,
        "reportFilename": "mochawesome",
        "saveHtml": false,
        "saveJson": true,
        "consoleReporter": "spec",
        "useInlineDiffs": false,
        "code": true
      },
      "version": "7.1.3"
    },
    "marge": {
      "options": {
        "reportDir": "results",
        "overwrite": false,
        "html": false,
        "json": true
      },
      "version": "6.2.0"
    }
  }
}