{
  "stats": {
    "suites": 1,
    "tests": 3,
    "passes": 3,
    "pending": 0,
    "failures": 0,
    "start": "2024-11-12T04:31:46.488Z",
    "end": "2024-11-12T04:31:51.965Z",
    "duration": 5477,
    "testsRegistered": 3,
    "passPercent": 100,
    "pendingPercent": 0,
    "other": 0,
    "hasOther": false,
    "skipped": 0,
    "hasSkipped": false
  },
  "results": [
    {
      "uuid": "29f4b8a8-30a9-453e-9f68-5eb700190952",
      "title": "",
      "fullFile": "cypress\\tests\\authen\\LoginTest.js",
      "file": "cypress\\tests\\authen\\LoginTest.js",
      "beforeHooks": [],
      "afterHooks": [],
      "tests": [],
      "suites": [
        {
          "uuid": "cd20d8ce-9b8e-4ad6-a1ed-a648a1481f0e",
          "title": "Login Test",
          "fullFile": "",
          "file": "",
          "beforeHooks": [],
          "afterHooks": [],
          "tests": [
            {
              "title": "should be able to login with correct creds",
              "fullTitle": "Login Test should be able to login with correct creds",
              "timedOut": null,
              "duration": 3623,
              "state": "passed",
              "speed": "fast",
              "pass": true,
              "fail": false,
              "pending": false,
              "context": null,
              "code": "headerComp.loginLink().click({\n  force: true\n});\ncy.get('#logInModal form').should('be.visible');\ncy.get('#loginusername').type(`${LOGIN_CRED.username}`, {\n  force: true,\n  waitForAnimations: true\n});\ncy.get('#loginpassword').type(`${LOGIN_CRED.password}`, {\n  force: true,\n  waitForAnimations: true\n});\ncy.get('[onclick=\"logIn()\"]').click({\n  force: true\n});\ncy.get('#nameofuser').should('be.visible');\ncy.get('#nameofuser').should('contain.text', `Welcome ${LOGIN_CRED.username}`);\ncy.on('window: alert', () => {\n  expect(alert).to.contains(\"User does not exits.\");\n});",
              "err": {},
              "uuid": "dbf5fcd0-326c-4329-a043-9a91b46b4a29",
              "parentUUID": "cd20d8ce-9b8e-4ad6-a1ed-a648a1481f0e",
              "isHook": false,
              "skipped": false
            },
            {
              "title": "should be able to see wrong username",
              "fullTitle": "Login Test should be able to see wrong username",
              "timedOut": null,
              "duration": 809,
              "state": "passed",
              "speed": "fast",
              "pass": true,
              "fail": false,
              "pending": false,
              "context": null,
              "code": "headerComp.loginLink().click({\n  force: true\n});\ncy.get('#logInModal form').should('be.visible');\ncy.get('#loginusername').type(`${LOGIN_CRED.username}_WRONG`, {\n  force: true,\n  waitForAnimations: true\n});\ncy.get('#loginpassword').type(`${LOGIN_CRED.password}`, {\n  force: true,\n  waitForAnimations: true\n});\ncy.get('[onclick=\"logIn()\"]').click({\n  force: true\n});\ncy.on('window: alert', alert => {\n  expect(alert).to.contains(\"User does not exits.\");\n});",
              "err": {},
              "uuid": "cefdb16a-745d-4357-93cd-96dbe5e31d45",
              "parentUUID": "cd20d8ce-9b8e-4ad6-a1ed-a648a1481f0e",
              "isHook": false,
              "skipped": false
            },
            {
              "title": "should be able to see wrong password",
              "fullTitle": "Login Test should be able to see wrong password",
              "timedOut": null,
              "duration": 932,
              "state": "passed",
              "speed": "fast",
              "pass": true,
              "fail": false,
              "pending": false,
              "context": null,
              "code": "headerComp.loginLink().click({\n  force: true\n});\ncy.get('#logInModal form').should('be.visible');\ncy.get('#loginusername').type(`${LOGIN_CRED.username}`, {\n  force: true,\n  waitForAnimations: true\n});\ncy.get('#loginpassword').type(`${LOGIN_CRED.password}_WRONG`, {\n  force: true,\n  waitForAnimations: true\n});\ncy.get('[onclick=\"logIn()\"]').click({\n  force: true\n});\ncy.on('window: alert', alert => {\n  expect(alert).to.contains(\"User does not exits.\");\n});",
              "err": {},
              "uuid": "1a2d8a52-8359-4404-ad31-fbe7c559d914",
              "parentUUID": "cd20d8ce-9b8e-4ad6-a1ed-a648a1481f0e",
              "isHook": false,
              "skipped": false
            }
          ],
          "suites": [],
          "passes": [
            "dbf5fcd0-326c-4329-a043-9a91b46b4a29",
            "cefdb16a-745d-4357-93cd-96dbe5e31d45",
            "1a2d8a52-8359-4404-ad31-fbe7c559d914"
          ],
          "failures": [],
          "pending": [],
          "skipped": [],
          "duration": 5364,
          "root": false,
          "rootEmpty": false,
          "_timeout": 2000
        }
      ],
      "passes": [],
      "failures": [],
      "pending": [],
      "skipped": [],
      "duration": 0,
      "root": true,
      "rootEmpty": true,
      "_timeout": 2000
    }
  ],
  "meta": {
    "mocha": {
      "version": "7.0.1"
    },
    "mochawesome": {
      "options": {
        "quiet": false,
        "reportFilename": "mochawesome",
        "saveHtml": false,
        "saveJson": true,
        "consoleReporter": "spec",
        "useInlineDiffs": false,
        "code": true
      },
      "version": "7.1.3"
    },
    "marge": {
      "options": {
        "reportDir": "results",
        "overwrite": false,
        "html": false,
        "json": true
      },
      "version": "6.2.0"
    }
  }
}